2021-07-23 12:14:04.630  INFO 5392 --- [restartedMain] c.i.e.ElektronskiDnevnikApplication      : Starting ElektronskiDnevnikApplication using Java 15.0.2 on DESKTOP-1DG5QMU with PID 5392 (C:\Users\HP\Documents\workspace-spring-tool-suite-4-4.10.0.RELEASE\elektronski_dnevnik\target\classes started by HP in C:\Users\HP\Documents\workspace-spring-tool-suite-4-4.10.0.RELEASE\elektronski_dnevnik)
2021-07-23 12:14:04.670  INFO 5392 --- [restartedMain] c.i.e.ElektronskiDnevnikApplication      : No active profile set, falling back to default profiles: default
2021-07-23 12:14:04.783  INFO 5392 --- [restartedMain] .e.DevToolsPropertyDefaultsPostProcessor : Devtools property defaults active! Set 'spring.devtools.add-properties' to 'false' to disable
2021-07-23 12:14:04.783  INFO 5392 --- [restartedMain] .e.DevToolsPropertyDefaultsPostProcessor : For additional web related logging consider setting the 'logging.level.web' property to 'DEBUG'
2021-07-23 12:14:06.839  INFO 5392 --- [restartedMain] .s.d.r.c.RepositoryConfigurationDelegate : Bootstrapping Spring Data JPA repositories in DEFAULT mode.
2021-07-23 12:14:06.971  INFO 5392 --- [restartedMain] .s.d.r.c.RepositoryConfigurationDelegate : Finished Spring Data repository scanning in 120 ms. Found 9 JPA repository interfaces.
2021-07-23 12:14:07.430  INFO 5392 --- [restartedMain] trationDelegate$BeanPostProcessorChecker : Bean 'org.springframework.security.access.expression.method.DefaultMethodSecurityExpressionHandler@7060da47' of type [org.springframework.security.access.expression.method.DefaultMethodSecurityExpressionHandler] is not eligible for getting processed by all BeanPostProcessors (for example: not eligible for auto-proxying)
2021-07-23 12:14:07.437  INFO 5392 --- [restartedMain] trationDelegate$BeanPostProcessorChecker : Bean 'methodSecurityMetadataSource' of type [org.springframework.security.access.method.DelegatingMethodSecurityMetadataSource] is not eligible for getting processed by all BeanPostProcessors (for example: not eligible for auto-proxying)
2021-07-23 12:14:07.878  INFO 5392 --- [restartedMain] o.s.b.w.embedded.tomcat.TomcatWebServer  : Tomcat initialized with port(s): 8080 (http)
2021-07-23 12:14:07.904  INFO 5392 --- [restartedMain] o.apache.catalina.core.StandardService   : Starting service [Tomcat]
2021-07-23 12:14:07.905  INFO 5392 --- [restartedMain] org.apache.catalina.core.StandardEngine  : Starting Servlet engine: [Apache Tomcat/9.0.48]
2021-07-23 12:14:08.054  INFO 5392 --- [restartedMain] o.a.c.c.C.[Tomcat].[localhost].[/]       : Initializing Spring embedded WebApplicationContext
2021-07-23 12:14:08.054  INFO 5392 --- [restartedMain] w.s.c.ServletWebServerApplicationContext : Root WebApplicationContext: initialization completed in 3270 ms
2021-07-23 12:14:08.956  INFO 5392 --- [restartedMain] com.zaxxer.hikari.HikariDataSource       : HikariPool-1 - Starting...
2021-07-23 12:14:09.563  INFO 5392 --- [restartedMain] com.zaxxer.hikari.HikariDataSource       : HikariPool-1 - Start completed.
2021-07-23 12:14:11.343  INFO 5392 --- [restartedMain] j.LocalContainerEntityManagerFactoryBean : Initialized JPA EntityManagerFactory for persistence unit 'default'
2021-07-23 12:14:11.407  WARN 5392 --- [restartedMain] JpaBaseConfiguration$JpaWebConfiguration : spring.jpa.open-in-view is enabled by default. Therefore, database queries may be performed during view rendering. Explicitly configure spring.jpa.open-in-view to disable this warning
2021-07-23 12:14:12.267  INFO 5392 --- [restartedMain] .s.s.UserDetailsServiceAutoConfiguration : 

Using generated security password: ecf94655-66ec-46df-9000-7ea7420a09d5

2021-07-23 12:14:12.412  INFO 5392 --- [restartedMain] o.s.s.web.DefaultSecurityFilterChain     : Will secure any request with [org.springframework.security.web.context.request.async.WebAsyncManagerIntegrationFilter@7d32061d, org.springframework.security.web.context.SecurityContextPersistenceFilter@27c07460, org.springframework.security.web.header.HeaderWriterFilter@11772bc5, org.springframework.security.web.authentication.logout.LogoutFilter@375173b3, com.iktpreobuka.elektronskidnevnik.config.JWTAuthorizationFilter@7c889d78, org.springframework.security.web.savedrequest.RequestCacheAwareFilter@3f6e632f, org.springframework.security.web.servletapi.SecurityContextHolderAwareRequestFilter@1ecf8174, org.springframework.security.web.authentication.AnonymousAuthenticationFilter@5ad84651, org.springframework.security.web.session.SessionManagementFilter@61a4ca29, org.springframework.security.web.access.ExceptionTranslationFilter@29ea992b, org.springframework.security.web.access.intercept.FilterSecurityInterceptor@32724893]
2021-07-23 12:14:12.646 DEBUG 5392 --- [restartedMain] s.w.s.m.m.a.RequestMappingHandlerAdapter : ControllerAdvice beans: 0 @ModelAttribute, 0 @InitBinder, 1 RequestBodyAdvice, 1 ResponseBodyAdvice
2021-07-23 12:14:12.826 DEBUG 5392 --- [restartedMain] s.w.s.m.m.a.RequestMappingHandlerMapping : 28 mappings in 'requestMappingHandlerMapping'
2021-07-23 12:14:12.898 DEBUG 5392 --- [restartedMain] o.s.w.s.handler.SimpleUrlHandlerMapping  : Patterns [/webjars/**, /**] in 'resourceHandlerMapping'
2021-07-23 12:14:12.923 DEBUG 5392 --- [restartedMain] .m.m.a.ExceptionHandlerExceptionResolver : ControllerAdvice beans: 1 @ExceptionHandler, 1 ResponseBodyAdvice
2021-07-23 12:14:13.239  INFO 5392 --- [restartedMain] o.s.b.d.a.OptionalLiveReloadServer       : LiveReload server is running on port 35729
2021-07-23 12:14:13.330  INFO 5392 --- [restartedMain] o.s.b.w.embedded.tomcat.TomcatWebServer  : Tomcat started on port(s): 8080 (http) with context path ''
2021-07-23 12:14:13.342  INFO 5392 --- [restartedMain] c.i.e.ElektronskiDnevnikApplication      : Started ElektronskiDnevnikApplication in 9.391 seconds (JVM running for 11.397)
2021-07-23 12:19:08.668  INFO 5392 --- [http-nio-8080-exec-2] o.a.c.c.C.[Tomcat].[localhost].[/]       : Initializing Spring DispatcherServlet 'dispatcherServlet'
2021-07-23 12:19:08.668  INFO 5392 --- [http-nio-8080-exec-2] o.s.web.servlet.DispatcherServlet        : Initializing Servlet 'dispatcherServlet'
2021-07-23 12:19:08.781 DEBUG 5392 --- [http-nio-8080-exec-2] o.s.web.servlet.DispatcherServlet        : Detected StandardServletMultipartResolver
2021-07-23 12:19:08.782 DEBUG 5392 --- [http-nio-8080-exec-2] o.s.web.servlet.DispatcherServlet        : Detected AcceptHeaderLocaleResolver
2021-07-23 12:19:08.783 DEBUG 5392 --- [http-nio-8080-exec-2] o.s.web.servlet.DispatcherServlet        : Detected FixedThemeResolver
2021-07-23 12:19:08.789 DEBUG 5392 --- [http-nio-8080-exec-2] o.s.web.servlet.DispatcherServlet        : Detected org.springframework.web.servlet.view.DefaultRequestToViewNameTranslator@9bd8069
2021-07-23 12:19:08.791 DEBUG 5392 --- [http-nio-8080-exec-2] o.s.web.servlet.DispatcherServlet        : Detected org.springframework.web.servlet.support.SessionFlashMapManager@57319a47
2021-07-23 12:19:08.792 DEBUG 5392 --- [http-nio-8080-exec-2] o.s.web.servlet.DispatcherServlet        : enableLoggingRequestDetails='false': request parameters and headers will be masked to prevent unsafe logging of potentially sensitive data
2021-07-23 12:19:08.792  INFO 5392 --- [http-nio-8080-exec-2] o.s.web.servlet.DispatcherServlet        : Completed initialization in 12 ms
2021-07-23 12:19:18.018 DEBUG 5392 --- [http-nio-8080-exec-3] o.s.web.servlet.DispatcherServlet        : POST "/login?username=ljisha&pwd=pass", parameters={masked}
2021-07-23 12:19:18.023 DEBUG 5392 --- [http-nio-8080-exec-3] s.w.s.m.m.a.RequestMappingHandlerMapping : Mapped to com.iktpreobuka.elektronskidnevnik.controllers.UserController#login(String, String)
2021-07-23 12:19:23.195  INFO 5392 --- [http-nio-8080-exec-3] c.i.e.controllers.UserController         : token created
2021-07-23 12:19:23.524 DEBUG 5392 --- [http-nio-8080-exec-3] o.s.w.s.m.m.a.HttpEntityMethodProcessor  : Using 'application/json', given [*/*] and supported [application/json, application/*+json, application/json, application/*+json]
2021-07-23 12:19:23.529 DEBUG 5392 --- [http-nio-8080-exec-3] o.s.w.s.m.m.a.HttpEntityMethodProcessor  : Writing [com.iktpreobuka.elektronskidnevnik.entities.dto.UserDTO@191a440e]
2021-07-23 12:19:23.777 DEBUG 5392 --- [http-nio-8080-exec-3] o.s.web.servlet.DispatcherServlet        : Completed 200 OK
2021-07-23 12:21:40.030 DEBUG 5392 --- [http-nio-8080-exec-7] o.s.web.servlet.DispatcherServlet        : POST "/grades/giveGradeToStudent?studentId=11&subjectId=22&teacherId=13&classId=27", parameters={masked}
2021-07-23 12:21:40.031 DEBUG 5392 --- [http-nio-8080-exec-7] s.w.s.m.m.a.RequestMappingHandlerMapping : Mapped to com.iktpreobuka.elektronskidnevnik.controllers.GradeController#grading(Integer, Integer, Integer, Integer, GradeDTO, EmailObject)
2021-07-23 12:21:40.181 DEBUG 5392 --- [http-nio-8080-exec-7] m.m.a.RequestResponseBodyMethodProcessor : Read "application/json;charset=UTF-8" to [com.iktpreobuka.elektronskidnevnik.entities.dto.GradeDTO@72cc6350]
2021-07-23 12:21:40.191 DEBUG 5392 --- [http-nio-8080-exec-7] o.s.web.method.HandlerMethod             : Could not resolve parameter [5] in public org.springframework.http.ResponseEntity<?> com.iktpreobuka.elektronskidnevnik.controllers.GradeController.grading(java.lang.Integer,java.lang.Integer,java.lang.Integer,java.lang.Integer,com.iktpreobuka.elektronskidnevnik.entities.dto.GradeDTO,com.iktpreobuka.elektronskidnevnik.entities.EmailObject) throws java.lang.Exception: I/O error while reading input message; nested exception is java.io.IOException: Stream closed
2021-07-23 12:21:40.195  WARN 5392 --- [http-nio-8080-exec-7] .w.s.m.s.DefaultHandlerExceptionResolver : Resolved [org.springframework.http.converter.HttpMessageNotReadableException: I/O error while reading input message; nested exception is java.io.IOException: Stream closed]
2021-07-23 12:21:40.196 DEBUG 5392 --- [http-nio-8080-exec-7] o.s.web.servlet.DispatcherServlet        : Completed 400 BAD_REQUEST
2021-07-23 12:21:40.200 DEBUG 5392 --- [http-nio-8080-exec-7] o.s.web.servlet.DispatcherServlet        : "ERROR" dispatch for POST "/error?studentId=11&subjectId=22&teacherId=13&classId=27", parameters={masked}
2021-07-23 12:21:40.206 DEBUG 5392 --- [http-nio-8080-exec-7] s.w.s.m.m.a.RequestMappingHandlerMapping : Mapped to org.springframework.boot.autoconfigure.web.servlet.error.BasicErrorController#error(HttpServletRequest)
2021-07-23 12:21:40.249 DEBUG 5392 --- [http-nio-8080-exec-7] o.s.w.s.m.m.a.HttpEntityMethodProcessor  : Using 'application/json', given [*/*] and supported [application/json, application/*+json, application/json, application/*+json]
2021-07-23 12:21:40.250 DEBUG 5392 --- [http-nio-8080-exec-7] o.s.w.s.m.m.a.HttpEntityMethodProcessor  : Writing [{timestamp=Fri Jul 23 12:21:40 CEST 2021, status=400, error=Bad Request, trace=org.springframework.h (truncated)...]
2021-07-23 12:21:40.291 DEBUG 5392 --- [http-nio-8080-exec-7] o.s.web.servlet.DispatcherServlet        : Exiting from "ERROR" dispatch, status 400
2021-07-23 12:31:11.768 DEBUG 5392 --- [http-nio-8080-exec-9] o.s.web.servlet.DispatcherServlet        : POST "/login?username=ljisha&pwd=pass", parameters={masked}
2021-07-23 12:31:11.770 DEBUG 5392 --- [http-nio-8080-exec-9] s.w.s.m.m.a.RequestMappingHandlerMapping : Mapped to com.iktpreobuka.elektronskidnevnik.controllers.UserController#login(String, String)
2021-07-23 12:31:12.079  INFO 5392 --- [http-nio-8080-exec-9] c.i.e.controllers.UserController         : token created
2021-07-23 12:31:12.080 DEBUG 5392 --- [http-nio-8080-exec-9] o.s.w.s.m.m.a.HttpEntityMethodProcessor  : Using 'application/json', given [*/*] and supported [application/json, application/*+json, application/json, application/*+json]
2021-07-23 12:31:12.081 DEBUG 5392 --- [http-nio-8080-exec-9] o.s.w.s.m.m.a.HttpEntityMethodProcessor  : Writing [com.iktpreobuka.elektronskidnevnik.entities.dto.UserDTO@2e54566f]
2021-07-23 12:31:12.084 DEBUG 5392 --- [http-nio-8080-exec-9] o.s.web.servlet.DispatcherServlet        : Completed 200 OK
2021-07-23 12:31:52.165  INFO 5392 --- [RMI TCP Connection(22)-127.0.0.1] inMXBeanRegistrar$SpringApplicationAdmin : Application shutdown requested.
2021-07-23 12:31:52.225  INFO 5392 --- [RMI TCP Connection(22)-127.0.0.1] j.LocalContainerEntityManagerFactoryBean : Closing JPA EntityManagerFactory for persistence unit 'default'
2021-07-23 12:31:52.233  INFO 5392 --- [RMI TCP Connection(22)-127.0.0.1] com.zaxxer.hikari.HikariDataSource       : HikariPool-1 - Shutdown initiated...
2021-07-23 12:31:52.248  INFO 5392 --- [RMI TCP Connection(22)-127.0.0.1] com.zaxxer.hikari.HikariDataSource       : HikariPool-1 - Shutdown completed.
2021-07-23 12:32:08.885  INFO 6648 --- [restartedMain] c.i.e.ElektronskiDnevnikApplication      : Starting ElektronskiDnevnikApplication using Java 15.0.2 on DESKTOP-1DG5QMU with PID 6648 (C:\Users\HP\Documents\workspace-spring-tool-suite-4-4.10.0.RELEASE\elektronski_dnevnik\target\classes started by HP in C:\Users\HP\Documents\workspace-spring-tool-suite-4-4.10.0.RELEASE\elektronski_dnevnik)
2021-07-23 12:32:08.891  INFO 6648 --- [restartedMain] c.i.e.ElektronskiDnevnikApplication      : No active profile set, falling back to default profiles: default
2021-07-23 12:32:09.043  INFO 6648 --- [restartedMain] .e.DevToolsPropertyDefaultsPostProcessor : Devtools property defaults active! Set 'spring.devtools.add-properties' to 'false' to disable
2021-07-23 12:32:09.044  INFO 6648 --- [restartedMain] .e.DevToolsPropertyDefaultsPostProcessor : For additional web related logging consider setting the 'logging.level.web' property to 'DEBUG'
2021-07-23 12:32:11.396  INFO 6648 --- [restartedMain] .s.d.r.c.RepositoryConfigurationDelegate : Bootstrapping Spring Data JPA repositories in DEFAULT mode.
2021-07-23 12:32:11.644  INFO 6648 --- [restartedMain] .s.d.r.c.RepositoryConfigurationDelegate : Finished Spring Data repository scanning in 231 ms. Found 9 JPA repository interfaces.
2021-07-23 12:32:12.453  INFO 6648 --- [restartedMain] trationDelegate$BeanPostProcessorChecker : Bean 'org.springframework.security.access.expression.method.DefaultMethodSecurityExpressionHandler@45543b6f' of type [org.springframework.security.access.expression.method.DefaultMethodSecurityExpressionHandler] is not eligible for getting processed by all BeanPostProcessors (for example: not eligible for auto-proxying)
2021-07-23 12:32:12.469  INFO 6648 --- [restartedMain] trationDelegate$BeanPostProcessorChecker : Bean 'methodSecurityMetadataSource' of type [org.springframework.security.access.method.DelegatingMethodSecurityMetadataSource] is not eligible for getting processed by all BeanPostProcessors (for example: not eligible for auto-proxying)
2021-07-23 12:32:13.369  INFO 6648 --- [restartedMain] o.s.b.w.embedded.tomcat.TomcatWebServer  : Tomcat initialized with port(s): 8080 (http)
2021-07-23 12:32:13.406  INFO 6648 --- [restartedMain] o.apache.catalina.core.StandardService   : Starting service [Tomcat]
2021-07-23 12:32:13.409  INFO 6648 --- [restartedMain] org.apache.catalina.core.StandardEngine  : Starting Servlet engine: [Apache Tomcat/9.0.48]
2021-07-23 12:32:13.843  INFO 6648 --- [restartedMain] o.a.c.c.C.[Tomcat].[localhost].[/]       : Initializing Spring embedded WebApplicationContext
2021-07-23 12:32:13.844  INFO 6648 --- [restartedMain] w.s.c.ServletWebServerApplicationContext : Root WebApplicationContext: initialization completed in 4798 ms
2021-07-23 12:32:15.013  INFO 6648 --- [restartedMain] com.zaxxer.hikari.HikariDataSource       : HikariPool-1 - Starting...
2021-07-23 12:32:16.243  INFO 6648 --- [restartedMain] com.zaxxer.hikari.HikariDataSource       : HikariPool-1 - Start completed.
2021-07-23 12:32:18.596  INFO 6648 --- [restartedMain] j.LocalContainerEntityManagerFactoryBean : Initialized JPA EntityManagerFactory for persistence unit 'default'
2021-07-23 12:32:18.798  WARN 6648 --- [restartedMain] JpaBaseConfiguration$JpaWebConfiguration : spring.jpa.open-in-view is enabled by default. Therefore, database queries may be performed during view rendering. Explicitly configure spring.jpa.open-in-view to disable this warning
2021-07-23 12:32:20.054  INFO 6648 --- [restartedMain] .s.s.UserDetailsServiceAutoConfiguration : 

Using generated security password: 088e4f20-9302-4cbb-8454-903f1b1e66b3

2021-07-23 12:32:20.254  INFO 6648 --- [restartedMain] o.s.s.web.DefaultSecurityFilterChain     : Will secure any request with [org.springframework.security.web.context.request.async.WebAsyncManagerIntegrationFilter@2ee9a34b, org.springframework.security.web.context.SecurityContextPersistenceFilter@6b558299, org.springframework.security.web.header.HeaderWriterFilter@76b3037f, org.springframework.security.web.authentication.logout.LogoutFilter@34244532, com.iktpreobuka.elektronskidnevnik.config.JWTAuthorizationFilter@76afa33e, org.springframework.security.web.savedrequest.RequestCacheAwareFilter@4c148c3f, org.springframework.security.web.servletapi.SecurityContextHolderAwareRequestFilter@24aceea0, org.springframework.security.web.authentication.AnonymousAuthenticationFilter@64556833, org.springframework.security.web.session.SessionManagementFilter@28c633a3, org.springframework.security.web.access.ExceptionTranslationFilter@6f9fcecc, org.springframework.security.web.access.intercept.FilterSecurityInterceptor@3d2f3c49]
2021-07-23 12:32:20.610 DEBUG 6648 --- [restartedMain] s.w.s.m.m.a.RequestMappingHandlerAdapter : ControllerAdvice beans: 0 @ModelAttribute, 0 @InitBinder, 1 RequestBodyAdvice, 1 ResponseBodyAdvice
2021-07-23 12:32:20.776 DEBUG 6648 --- [restartedMain] s.w.s.m.m.a.RequestMappingHandlerMapping : 28 mappings in 'requestMappingHandlerMapping'
2021-07-23 12:32:20.874 DEBUG 6648 --- [restartedMain] o.s.w.s.handler.SimpleUrlHandlerMapping  : Patterns [/webjars/**, /**] in 'resourceHandlerMapping'
2021-07-23 12:32:20.904 DEBUG 6648 --- [restartedMain] .m.m.a.ExceptionHandlerExceptionResolver : ControllerAdvice beans: 1 @ExceptionHandler, 1 ResponseBodyAdvice
2021-07-23 12:32:21.336  INFO 6648 --- [restartedMain] o.s.b.d.a.OptionalLiveReloadServer       : LiveReload server is running on port 35729
2021-07-23 12:32:21.456  INFO 6648 --- [restartedMain] o.s.b.w.embedded.tomcat.TomcatWebServer  : Tomcat started on port(s): 8080 (http) with context path ''
2021-07-23 12:32:21.483  INFO 6648 --- [restartedMain] c.i.e.ElektronskiDnevnikApplication      : Started ElektronskiDnevnikApplication in 13.626 seconds (JVM running for 15.591)
2021-07-23 12:32:26.200  INFO 6648 --- [RMI TCP Connection(2)-127.0.0.1] inMXBeanRegistrar$SpringApplicationAdmin : Application shutdown requested.
2021-07-23 12:32:26.473  INFO 6648 --- [RMI TCP Connection(2)-127.0.0.1] j.LocalContainerEntityManagerFactoryBean : Closing JPA EntityManagerFactory for persistence unit 'default'
2021-07-23 12:32:26.481  INFO 6648 --- [RMI TCP Connection(2)-127.0.0.1] com.zaxxer.hikari.HikariDataSource       : HikariPool-1 - Shutdown initiated...
2021-07-23 12:32:26.537  INFO 6648 --- [RMI TCP Connection(2)-127.0.0.1] com.zaxxer.hikari.HikariDataSource       : HikariPool-1 - Shutdown completed.
2021-07-23 12:32:35.277  INFO 9252 --- [restartedMain] c.i.e.ElektronskiDnevnikApplication      : Starting ElektronskiDnevnikApplication using Java 15.0.2 on DESKTOP-1DG5QMU with PID 9252 (C:\Users\HP\Documents\workspace-spring-tool-suite-4-4.10.0.RELEASE\elektronski_dnevnik\target\classes started by HP in C:\Users\HP\Documents\workspace-spring-tool-suite-4-4.10.0.RELEASE\elektronski_dnevnik)
2021-07-23 12:32:35.285  INFO 9252 --- [restartedMain] c.i.e.ElektronskiDnevnikApplication      : No active profile set, falling back to default profiles: default
2021-07-23 12:32:35.413  INFO 9252 --- [restartedMain] .e.DevToolsPropertyDefaultsPostProcessor : Devtools property defaults active! Set 'spring.devtools.add-properties' to 'false' to disable
2021-07-23 12:32:35.414  INFO 9252 --- [restartedMain] .e.DevToolsPropertyDefaultsPostProcessor : For additional web related logging consider setting the 'logging.level.web' property to 'DEBUG'
2021-07-23 12:32:37.128  INFO 9252 --- [restartedMain] .s.d.r.c.RepositoryConfigurationDelegate : Bootstrapping Spring Data JPA repositories in DEFAULT mode.
2021-07-23 12:32:37.332  INFO 9252 --- [restartedMain] .s.d.r.c.RepositoryConfigurationDelegate : Finished Spring Data repository scanning in 189 ms. Found 9 JPA repository interfaces.
2021-07-23 12:32:38.071  INFO 9252 --- [restartedMain] trationDelegate$BeanPostProcessorChecker : Bean 'org.springframework.security.access.expression.method.DefaultMethodSecurityExpressionHandler@6f1a0940' of type [org.springframework.security.access.expression.method.DefaultMethodSecurityExpressionHandler] is not eligible for getting processed by all BeanPostProcessors (for example: not eligible for auto-proxying)
2021-07-23 12:32:38.084  INFO 9252 --- [restartedMain] trationDelegate$BeanPostProcessorChecker : Bean 'methodSecurityMetadataSource' of type [org.springframework.security.access.method.DelegatingMethodSecurityMetadataSource] is not eligible for getting processed by all BeanPostProcessors (for example: not eligible for auto-proxying)
2021-07-23 12:32:38.665  INFO 9252 --- [restartedMain] o.s.b.w.embedded.tomcat.TomcatWebServer  : Tomcat initialized with port(s): 8080 (http)
2021-07-23 12:32:38.688  INFO 9252 --- [restartedMain] o.apache.catalina.core.StandardService   : Starting service [Tomcat]
2021-07-23 12:32:38.689  INFO 9252 --- [restartedMain] org.apache.catalina.core.StandardEngine  : Starting Servlet engine: [Apache Tomcat/9.0.48]
2021-07-23 12:32:38.923  INFO 9252 --- [restartedMain] o.a.c.c.C.[Tomcat].[localhost].[/]       : Initializing Spring embedded WebApplicationContext
2021-07-23 12:32:38.924  INFO 9252 --- [restartedMain] w.s.c.ServletWebServerApplicationContext : Root WebApplicationContext: initialization completed in 3509 ms
2021-07-23 12:32:40.086  INFO 9252 --- [restartedMain] com.zaxxer.hikari.HikariDataSource       : HikariPool-1 - Starting...
2021-07-23 12:32:40.863  INFO 9252 --- [restartedMain] com.zaxxer.hikari.HikariDataSource       : HikariPool-1 - Start completed.
2021-07-23 12:32:42.963  INFO 9252 --- [restartedMain] j.LocalContainerEntityManagerFactoryBean : Initialized JPA EntityManagerFactory for persistence unit 'default'
2021-07-23 12:32:43.085  WARN 9252 --- [restartedMain] JpaBaseConfiguration$JpaWebConfiguration : spring.jpa.open-in-view is enabled by default. Therefore, database queries may be performed during view rendering. Explicitly configure spring.jpa.open-in-view to disable this warning
2021-07-23 12:32:44.364  INFO 9252 --- [restartedMain] .s.s.UserDetailsServiceAutoConfiguration : 

Using generated security password: 2fd964d2-4b01-4bfc-9fd8-3553bfaab139

2021-07-23 12:32:44.587  INFO 9252 --- [restartedMain] o.s.s.web.DefaultSecurityFilterChain     : Will secure any request with [org.springframework.security.web.context.request.async.WebAsyncManagerIntegrationFilter@694fa01, org.springframework.security.web.context.SecurityContextPersistenceFilter@69fc2a26, org.springframework.security.web.header.HeaderWriterFilter@538621e0, org.springframework.security.web.authentication.logout.LogoutFilter@557b08c6, com.iktpreobuka.elektronskidnevnik.config.JWTAuthorizationFilter@7f244b0f, org.springframework.security.web.savedrequest.RequestCacheAwareFilter@61d51291, org.springframework.security.web.servletapi.SecurityContextHolderAwareRequestFilter@2591888, org.springframework.security.web.authentication.AnonymousAuthenticationFilter@44c3ec17, org.springframework.security.web.session.SessionManagementFilter@a1de826, org.springframework.security.web.access.ExceptionTranslationFilter@6e84d02d, org.springframework.security.web.access.intercept.FilterSecurityInterceptor@69d8fae6]
2021-07-23 12:32:44.897 DEBUG 9252 --- [restartedMain] s.w.s.m.m.a.RequestMappingHandlerAdapter : ControllerAdvice beans: 0 @ModelAttribute, 0 @InitBinder, 1 RequestBodyAdvice, 1 ResponseBodyAdvice
2021-07-23 12:32:45.092 DEBUG 9252 --- [restartedMain] s.w.s.m.m.a.RequestMappingHandlerMapping : 28 mappings in 'requestMappingHandlerMapping'
2021-07-23 12:32:45.185 DEBUG 9252 --- [restartedMain] o.s.w.s.handler.SimpleUrlHandlerMapping  : Patterns [/webjars/**, /**] in 'resourceHandlerMapping'
2021-07-23 12:32:45.220 DEBUG 9252 --- [restartedMain] .m.m.a.ExceptionHandlerExceptionResolver : ControllerAdvice beans: 1 @ExceptionHandler, 1 ResponseBodyAdvice
2021-07-23 12:32:45.670  INFO 9252 --- [restartedMain] o.s.b.d.a.OptionalLiveReloadServer       : LiveReload server is running on port 35729
2021-07-23 12:32:45.759  INFO 9252 --- [restartedMain] o.s.b.w.embedded.tomcat.TomcatWebServer  : Tomcat started on port(s): 8080 (http) with context path ''
2021-07-23 12:32:45.794  INFO 9252 --- [restartedMain] c.i.e.ElektronskiDnevnikApplication      : Started ElektronskiDnevnikApplication in 11.43 seconds (JVM running for 13.404)
2021-07-23 12:32:53.573  INFO 9252 --- [RMI TCP Connection(2)-127.0.0.1] inMXBeanRegistrar$SpringApplicationAdmin : Application shutdown requested.
2021-07-23 12:32:53.826  INFO 9252 --- [RMI TCP Connection(2)-127.0.0.1] j.LocalContainerEntityManagerFactoryBean : Closing JPA EntityManagerFactory for persistence unit 'default'
2021-07-23 12:32:53.833  INFO 9252 --- [RMI TCP Connection(2)-127.0.0.1] com.zaxxer.hikari.HikariDataSource       : HikariPool-1 - Shutdown initiated...
2021-07-23 12:32:53.871  INFO 9252 --- [RMI TCP Connection(2)-127.0.0.1] com.zaxxer.hikari.HikariDataSource       : HikariPool-1 - Shutdown completed.
2021-07-23 12:33:03.585  INFO 5136 --- [restartedMain] c.i.e.ElektronskiDnevnikApplication      : Starting ElektronskiDnevnikApplication using Java 15.0.2 on DESKTOP-1DG5QMU with PID 5136 (C:\Users\HP\Documents\workspace-spring-tool-suite-4-4.10.0.RELEASE\elektronski_dnevnik\target\classes started by HP in C:\Users\HP\Documents\workspace-spring-tool-suite-4-4.10.0.RELEASE\elektronski_dnevnik)
2021-07-23 12:33:03.591  INFO 5136 --- [restartedMain] c.i.e.ElektronskiDnevnikApplication      : No active profile set, falling back to default profiles: default
2021-07-23 12:33:03.721  INFO 5136 --- [restartedMain] .e.DevToolsPropertyDefaultsPostProcessor : Devtools property defaults active! Set 'spring.devtools.add-properties' to 'false' to disable
2021-07-23 12:33:03.721  INFO 5136 --- [restartedMain] .e.DevToolsPropertyDefaultsPostProcessor : For additional web related logging consider setting the 'logging.level.web' property to 'DEBUG'
2021-07-23 12:33:05.724  INFO 5136 --- [restartedMain] .s.d.r.c.RepositoryConfigurationDelegate : Bootstrapping Spring Data JPA repositories in DEFAULT mode.
2021-07-23 12:33:05.963  INFO 5136 --- [restartedMain] .s.d.r.c.RepositoryConfigurationDelegate : Finished Spring Data repository scanning in 219 ms. Found 9 JPA repository interfaces.
2021-07-23 12:33:06.884  INFO 5136 --- [restartedMain] trationDelegate$BeanPostProcessorChecker : Bean 'org.springframework.security.access.expression.method.DefaultMethodSecurityExpressionHandler@784c107f' of type [org.springframework.security.access.expression.method.DefaultMethodSecurityExpressionHandler] is not eligible for getting processed by all BeanPostProcessors (for example: not eligible for auto-proxying)
2021-07-23 12:33:06.899  INFO 5136 --- [restartedMain] trationDelegate$BeanPostProcessorChecker : Bean 'methodSecurityMetadataSource' of type [org.springframework.security.access.method.DelegatingMethodSecurityMetadataSource] is not eligible for getting processed by all BeanPostProcessors (for example: not eligible for auto-proxying)
2021-07-23 12:33:07.696  INFO 5136 --- [restartedMain] o.s.b.w.embedded.tomcat.TomcatWebServer  : Tomcat initialized with port(s): 8080 (http)
2021-07-23 12:33:07.718  INFO 5136 --- [restartedMain] o.apache.catalina.core.StandardService   : Starting service [Tomcat]
2021-07-23 12:33:07.719  INFO 5136 --- [restartedMain] org.apache.catalina.core.StandardEngine  : Starting Servlet engine: [Apache Tomcat/9.0.48]
2021-07-23 12:33:08.087  INFO 5136 --- [restartedMain] o.a.c.c.C.[Tomcat].[localhost].[/]       : Initializing Spring embedded WebApplicationContext
2021-07-23 12:33:08.088  INFO 5136 --- [restartedMain] w.s.c.ServletWebServerApplicationContext : Root WebApplicationContext: initialization completed in 4366 ms
2021-07-23 12:33:09.228  INFO 5136 --- [restartedMain] com.zaxxer.hikari.HikariDataSource       : HikariPool-1 - Starting...
2021-07-23 12:33:10.484  INFO 5136 --- [restartedMain] com.zaxxer.hikari.HikariDataSource       : HikariPool-1 - Start completed.
2021-07-23 12:33:12.795  INFO 5136 --- [restartedMain] j.LocalContainerEntityManagerFactoryBean : Initialized JPA EntityManagerFactory for persistence unit 'default'
2021-07-23 12:33:12.923  WARN 5136 --- [restartedMain] JpaBaseConfiguration$JpaWebConfiguration : spring.jpa.open-in-view is enabled by default. Therefore, database queries may be performed during view rendering. Explicitly configure spring.jpa.open-in-view to disable this warning
2021-07-23 12:33:14.571  INFO 5136 --- [restartedMain] .s.s.UserDetailsServiceAutoConfiguration : 

Using generated security password: 3dab6af0-12b5-42d1-a9f1-30cf8e551f0e

2021-07-23 12:33:14.790  INFO 5136 --- [restartedMain] o.s.s.web.DefaultSecurityFilterChain     : Will secure any request with [org.springframework.security.web.context.request.async.WebAsyncManagerIntegrationFilter@5bb2930c, org.springframework.security.web.context.SecurityContextPersistenceFilter@27f823c0, org.springframework.security.web.header.HeaderWriterFilter@45143e25, org.springframework.security.web.authentication.logout.LogoutFilter@761176c0, com.iktpreobuka.elektronskidnevnik.config.JWTAuthorizationFilter@7f5c5a8, org.springframework.security.web.savedrequest.RequestCacheAwareFilter@29edc04e, org.springframework.security.web.servletapi.SecurityContextHolderAwareRequestFilter@270630f, org.springframework.security.web.authentication.AnonymousAuthenticationFilter@eecf6d1, org.springframework.security.web.session.SessionManagementFilter@64aa68c6, org.springframework.security.web.access.ExceptionTranslationFilter@127a511d, org.springframework.security.web.access.intercept.FilterSecurityInterceptor@45cb4f46]
2021-07-23 12:33:15.103 DEBUG 5136 --- [restartedMain] s.w.s.m.m.a.RequestMappingHandlerAdapter : ControllerAdvice beans: 0 @ModelAttribute, 0 @InitBinder, 1 RequestBodyAdvice, 1 ResponseBodyAdvice
2021-07-23 12:33:15.270 DEBUG 5136 --- [restartedMain] s.w.s.m.m.a.RequestMappingHandlerMapping : 28 mappings in 'requestMappingHandlerMapping'
2021-07-23 12:33:15.358 DEBUG 5136 --- [restartedMain] o.s.w.s.handler.SimpleUrlHandlerMapping  : Patterns [/webjars/**, /**] in 'resourceHandlerMapping'
2021-07-23 12:33:15.390 DEBUG 5136 --- [restartedMain] .m.m.a.ExceptionHandlerExceptionResolver : ControllerAdvice beans: 1 @ExceptionHandler, 1 ResponseBodyAdvice
2021-07-23 12:33:15.841  INFO 5136 --- [restartedMain] o.s.b.d.a.OptionalLiveReloadServer       : LiveReload server is running on port 35729
2021-07-23 12:33:15.929  INFO 5136 --- [restartedMain] o.s.b.w.embedded.tomcat.TomcatWebServer  : Tomcat started on port(s): 8080 (http) with context path ''
2021-07-23 12:33:15.952  INFO 5136 --- [restartedMain] c.i.e.ElektronskiDnevnikApplication      : Started ElektronskiDnevnikApplication in 13.305 seconds (JVM running for 16.171)
2021-07-23 12:33:30.220  INFO 5136 --- [http-nio-8080-exec-2] o.a.c.c.C.[Tomcat].[localhost].[/]       : Initializing Spring DispatcherServlet 'dispatcherServlet'
2021-07-23 12:33:30.221  INFO 5136 --- [http-nio-8080-exec-2] o.s.web.servlet.DispatcherServlet        : Initializing Servlet 'dispatcherServlet'
2021-07-23 12:33:30.222 DEBUG 5136 --- [http-nio-8080-exec-2] o.s.web.servlet.DispatcherServlet        : Detected StandardServletMultipartResolver
2021-07-23 12:33:30.222 DEBUG 5136 --- [http-nio-8080-exec-2] o.s.web.servlet.DispatcherServlet        : Detected AcceptHeaderLocaleResolver
2021-07-23 12:33:30.223 DEBUG 5136 --- [http-nio-8080-exec-2] o.s.web.servlet.DispatcherServlet        : Detected FixedThemeResolver
2021-07-23 12:33:30.224 DEBUG 5136 --- [http-nio-8080-exec-2] o.s.web.servlet.DispatcherServlet        : Detected org.springframework.web.servlet.view.DefaultRequestToViewNameTranslator@42a390dd
2021-07-23 12:33:30.226 DEBUG 5136 --- [http-nio-8080-exec-2] o.s.web.servlet.DispatcherServlet        : Detected org.springframework.web.servlet.support.SessionFlashMapManager@5781da6d
2021-07-23 12:33:30.227 DEBUG 5136 --- [http-nio-8080-exec-2] o.s.web.servlet.DispatcherServlet        : enableLoggingRequestDetails='false': request parameters and headers will be masked to prevent unsafe logging of potentially sensitive data
2021-07-23 12:33:30.227  INFO 5136 --- [http-nio-8080-exec-2] o.s.web.servlet.DispatcherServlet        : Completed initialization in 5 ms
2021-07-23 12:33:30.583  WARN 5136 --- [http-nio-8080-exec-2] o.a.c.util.SessionIdGeneratorBase        : Creation of SecureRandom instance for session ID generation using [SHA1PRNG] took [159] milliseconds.
2021-07-23 12:33:30.624 DEBUG 5136 --- [http-nio-8080-exec-2] o.s.web.servlet.DispatcherServlet        : POST "/grades/giveGradeToStudent?studentId=11&subjectId=22&teacherId=13&classId=27", parameters={masked}
2021-07-23 12:33:30.632 DEBUG 5136 --- [http-nio-8080-exec-2] s.w.s.m.m.a.RequestMappingHandlerMapping : Mapped to com.iktpreobuka.elektronskidnevnik.controllers.GradeController#grading(Integer, Integer, Integer, Integer, GradeDTO)
2021-07-23 12:33:30.869 DEBUG 5136 --- [http-nio-8080-exec-2] m.m.a.RequestResponseBodyMethodProcessor : Read "application/json;charset=UTF-8" to [com.iktpreobuka.elektronskidnevnik.entities.dto.GradeDTO@bd538ed]
2021-07-23 12:33:31.772 DEBUG 5136 --- [http-nio-8080-exec-2] o.s.w.s.m.m.a.HttpEntityMethodProcessor  : Using 'application/json', given [*/*] and supported [application/json, application/*+json, application/json, application/*+json]
2021-07-23 12:33:31.774 DEBUG 5136 --- [http-nio-8080-exec-2] o.s.w.s.m.m.a.HttpEntityMethodProcessor  : Writing [com.iktpreobuka.elektronskidnevnik.util.RestError@bb6a0df]
2021-07-23 12:33:31.803 DEBUG 5136 --- [http-nio-8080-exec-2] o.s.web.servlet.DispatcherServlet        : Completed 400 BAD_REQUEST
2021-07-23 12:33:59.282 DEBUG 5136 --- [http-nio-8080-exec-4] o.s.web.servlet.DispatcherServlet        : POST "/grades/giveGradeToStudent?studentId=11&subjectId=22&teacherId=13&classId=12", parameters={masked}
2021-07-23 12:33:59.284 DEBUG 5136 --- [http-nio-8080-exec-4] s.w.s.m.m.a.RequestMappingHandlerMapping : Mapped to com.iktpreobuka.elektronskidnevnik.controllers.GradeController#grading(Integer, Integer, Integer, Integer, GradeDTO)
2021-07-23 12:33:59.290 DEBUG 5136 --- [http-nio-8080-exec-4] m.m.a.RequestResponseBodyMethodProcessor : Read "application/json;charset=UTF-8" to [com.iktpreobuka.elektronskidnevnik.entities.dto.GradeDTO@3da7db77]
2021-07-23 12:33:59.900  INFO 5136 --- [http-nio-8080-exec-4] c.i.e.controllers.GradeController        : student graded
2021-07-23 12:34:02.748 DEBUG 5136 --- [http-nio-8080-exec-4] o.s.w.s.m.m.a.HttpEntityMethodProcessor  : Using 'application/json', given [*/*] and supported [application/json, application/*+json, application/json, application/*+json]
2021-07-23 12:34:02.748 DEBUG 5136 --- [http-nio-8080-exec-4] o.s.w.s.m.m.a.HttpEntityMethodProcessor  : Writing [SimpleMailMessage: from=null; replyTo=null; to=ljisha83@gmail.com; cc=; bcc=; sentDate=null; subject (truncated)...]
2021-07-23 12:34:02.751 DEBUG 5136 --- [http-nio-8080-exec-4] o.s.web.servlet.DispatcherServlet        : Completed 201 CREATED
2021-07-23 12:36:28.274  INFO 5136 --- [RMI TCP Connection(7)-127.0.0.1] inMXBeanRegistrar$SpringApplicationAdmin : Application shutdown requested.
2021-07-23 12:36:28.401  INFO 5136 --- [RMI TCP Connection(7)-127.0.0.1] j.LocalContainerEntityManagerFactoryBean : Closing JPA EntityManagerFactory for persistence unit 'default'
2021-07-23 12:36:28.411  INFO 5136 --- [RMI TCP Connection(7)-127.0.0.1] com.zaxxer.hikari.HikariDataSource       : HikariPool-1 - Shutdown initiated...
2021-07-23 12:36:28.436  INFO 5136 --- [RMI TCP Connection(7)-127.0.0.1] com.zaxxer.hikari.HikariDataSource       : HikariPool-1 - Shutdown completed.
2021-07-23 12:36:28.735  INFO 5136 --- [restartedMain] c.i.e.ElektronskiDnevnikApplication      : Starting ElektronskiDnevnikApplication using Java 15.0.2 on DESKTOP-1DG5QMU with PID 5136 (C:\Users\HP\Documents\workspace-spring-tool-suite-4-4.10.0.RELEASE\elektronski_dnevnik\target\classes started by HP in C:\Users\HP\Documents\workspace-spring-tool-suite-4-4.10.0.RELEASE\elektronski_dnevnik)
2021-07-23 12:36:28.736  INFO 5136 --- [restartedMain] c.i.e.ElektronskiDnevnikApplication      : No active profile set, falling back to default profiles: default
2021-07-23 12:36:29.622  INFO 5136 --- [restartedMain] .s.d.r.c.RepositoryConfigurationDelegate : Bootstrapping Spring Data JPA repositories in DEFAULT mode.
2021-07-23 12:36:29.895  INFO 5136 --- [restartedMain] .s.d.r.c.RepositoryConfigurationDelegate : Finished Spring Data repository scanning in 272 ms. Found 9 JPA repository interfaces.
2021-07-23 12:36:30.614  INFO 5136 --- [restartedMain] trationDelegate$BeanPostProcessorChecker : Bean 'org.springframework.security.access.expression.method.DefaultMethodSecurityExpressionHandler@958987a' of type [org.springframework.security.access.expression.method.DefaultMethodSecurityExpressionHandler] is not eligible for getting processed by all BeanPostProcessors (for example: not eligible for auto-proxying)
2021-07-23 12:36:30.620  INFO 5136 --- [restartedMain] trationDelegate$BeanPostProcessorChecker : Bean 'methodSecurityMetadataSource' of type [org.springframework.security.access.method.DelegatingMethodSecurityMetadataSource] is not eligible for getting processed by all BeanPostProcessors (for example: not eligible for auto-proxying)
2021-07-23 12:36:30.841  INFO 5136 --- [restartedMain] o.s.b.w.embedded.tomcat.TomcatWebServer  : Tomcat initialized with port(s): 8080 (http)
2021-07-23 12:36:30.845  INFO 5136 --- [restartedMain] o.apache.catalina.core.StandardService   : Starting service [Tomcat]
2021-07-23 12:36:30.849  INFO 5136 --- [restartedMain] org.apache.catalina.core.StandardEngine  : Starting Servlet engine: [Apache Tomcat/9.0.48]
2021-07-23 12:36:30.953  INFO 5136 --- [restartedMain] o.a.c.c.C.[Tomcat].[localhost].[/]       : Initializing Spring embedded WebApplicationContext
2021-07-23 12:36:30.955  INFO 5136 --- [restartedMain] w.s.c.ServletWebServerApplicationContext : Root WebApplicationContext: initialization completed in 2203 ms
2021-07-23 12:36:31.347  INFO 5136 --- [restartedMain] com.zaxxer.hikari.HikariDataSource       : HikariPool-2 - Starting...
2021-07-23 12:36:31.561  INFO 5136 --- [restartedMain] com.zaxxer.hikari.HikariDataSource       : HikariPool-2 - Start completed.
2021-07-23 12:36:32.362  INFO 5136 --- [restartedMain] j.LocalContainerEntityManagerFactoryBean : Initialized JPA EntityManagerFactory for persistence unit 'default'
2021-07-23 12:36:32.416  WARN 5136 --- [restartedMain] JpaBaseConfiguration$JpaWebConfiguration : spring.jpa.open-in-view is enabled by default. Therefore, database queries may be performed during view rendering. Explicitly configure spring.jpa.open-in-view to disable this warning
2021-07-23 12:36:33.086  INFO 5136 --- [restartedMain] .s.s.UserDetailsServiceAutoConfiguration : 

Using generated security password: 6bc78499-bce4-4b3c-b85d-522a730707c3

2021-07-23 12:36:35.813  INFO 5136 --- [restartedMain] o.s.s.web.DefaultSecurityFilterChain     : Will secure any request with [org.springframework.security.web.context.request.async.WebAsyncManagerIntegrationFilter@282e36df, org.springframework.security.web.context.SecurityContextPersistenceFilter@788d70f4, org.springframework.security.web.header.HeaderWriterFilter@7f7382f8, org.springframework.security.web.authentication.logout.LogoutFilter@5245533c, com.iktpreobuka.elektronskidnevnik.config.JWTAuthorizationFilter@49f8796b, org.springframework.security.web.savedrequest.RequestCacheAwareFilter@4dbc057, org.springframework.security.web.servletapi.SecurityContextHolderAwareRequestFilter@67dce676, org.springframework.security.web.authentication.AnonymousAuthenticationFilter@7380958b, org.springframework.security.web.session.SessionManagementFilter@4c8d4573, org.springframework.security.web.access.ExceptionTranslationFilter@4147bdb7, org.springframework.security.web.access.intercept.FilterSecurityInterceptor@6ac6493c]
2021-07-23 12:36:36.054 DEBUG 5136 --- [restartedMain] s.w.s.m.m.a.RequestMappingHandlerAdapter : ControllerAdvice beans: 0 @ModelAttribute, 0 @InitBinder, 1 RequestBodyAdvice, 1 ResponseBodyAdvice
2021-07-23 12:36:36.103 DEBUG 5136 --- [restartedMain] s.w.s.m.m.a.RequestMappingHandlerMapping : 28 mappings in 'requestMappingHandlerMapping'
2021-07-23 12:36:36.209 DEBUG 5136 --- [restartedMain] o.s.w.s.handler.SimpleUrlHandlerMapping  : Patterns [/webjars/**, /**] in 'resourceHandlerMapping'
2021-07-23 12:36:36.252 DEBUG 5136 --- [restartedMain] .m.m.a.ExceptionHandlerExceptionResolver : ControllerAdvice beans: 1 @ExceptionHandler, 1 ResponseBodyAdvice
2021-07-23 12:36:36.569  INFO 5136 --- [restartedMain] o.s.b.d.a.OptionalLiveReloadServer       : LiveReload server is running on port 35729
2021-07-23 12:36:36.638  INFO 5136 --- [restartedMain] o.s.b.w.embedded.tomcat.TomcatWebServer  : Tomcat started on port(s): 8080 (http) with context path ''
2021-07-23 12:36:36.652  INFO 5136 --- [restartedMain] c.i.e.ElektronskiDnevnikApplication      : Started ElektronskiDnevnikApplication in 8.056 seconds (JVM running for 216.872)
2021-07-23 12:36:36.717  INFO 5136 --- [restartedMain] .ConditionEvaluationDeltaLoggingListener : Condition evaluation unchanged
2021-07-23 12:36:53.226  INFO 9392 --- [restartedMain] c.i.e.ElektronskiDnevnikApplication      : Starting ElektronskiDnevnikApplication using Java 15.0.2 on DESKTOP-1DG5QMU with PID 9392 (C:\Users\HP\Documents\workspace-spring-tool-suite-4-4.10.0.RELEASE\elektronski_dnevnik\target\classes started by HP in C:\Users\HP\Documents\workspace-spring-tool-suite-4-4.10.0.RELEASE\elektronski_dnevnik)
2021-07-23 12:36:53.233  INFO 9392 --- [restartedMain] c.i.e.ElektronskiDnevnikApplication      : No active profile set, falling back to default profiles: default
2021-07-23 12:36:53.378  INFO 9392 --- [restartedMain] .e.DevToolsPropertyDefaultsPostProcessor : Devtools property defaults active! Set 'spring.devtools.add-properties' to 'false' to disable
2021-07-23 12:36:53.379  INFO 9392 --- [restartedMain] .e.DevToolsPropertyDefaultsPostProcessor : For additional web related logging consider setting the 'logging.level.web' property to 'DEBUG'
2021-07-23 12:36:56.002  INFO 9392 --- [restartedMain] .s.d.r.c.RepositoryConfigurationDelegate : Bootstrapping Spring Data JPA repositories in DEFAULT mode.
2021-07-23 12:36:56.317  INFO 9392 --- [restartedMain] .s.d.r.c.RepositoryConfigurationDelegate : Finished Spring Data repository scanning in 287 ms. Found 9 JPA repository interfaces.
2021-07-23 12:36:57.384  INFO 9392 --- [restartedMain] trationDelegate$BeanPostProcessorChecker : Bean 'org.springframework.security.access.expression.method.DefaultMethodSecurityExpressionHandler@210dba83' of type [org.springframework.security.access.expression.method.DefaultMethodSecurityExpressionHandler] is not eligible for getting processed by all BeanPostProcessors (for example: not eligible for auto-proxying)
2021-07-23 12:36:57.396  INFO 9392 --- [restartedMain] trationDelegate$BeanPostProcessorChecker : Bean 'methodSecurityMetadataSource' of type [org.springframework.security.access.method.DelegatingMethodSecurityMetadataSource] is not eligible for getting processed by all BeanPostProcessors (for example: not eligible for auto-proxying)
2021-07-23 12:36:58.072  INFO 9392 --- [restartedMain] o.s.b.w.embedded.tomcat.TomcatWebServer  : Tomcat initialized with port(s): 8080 (http)
2021-07-23 12:36:58.097  INFO 9392 --- [restartedMain] o.apache.catalina.core.StandardService   : Starting service [Tomcat]
2021-07-23 12:36:58.098  INFO 9392 --- [restartedMain] org.apache.catalina.core.StandardEngine  : Starting Servlet engine: [Apache Tomcat/9.0.48]
2021-07-23 12:36:58.361  INFO 9392 --- [restartedMain] o.a.c.c.C.[Tomcat].[localhost].[/]       : Initializing Spring embedded WebApplicationContext
2021-07-23 12:36:58.362  INFO 9392 --- [restartedMain] w.s.c.ServletWebServerApplicationContext : Root WebApplicationContext: initialization completed in 4981 ms
2021-07-23 12:36:59.417  INFO 9392 --- [restartedMain] com.zaxxer.hikari.HikariDataSource       : HikariPool-1 - Starting...
2021-07-23 12:37:00.269  INFO 9392 --- [restartedMain] com.zaxxer.hikari.HikariDataSource       : HikariPool-1 - Start completed.
2021-07-23 12:37:02.713  INFO 9392 --- [restartedMain] j.LocalContainerEntityManagerFactoryBean : Initialized JPA EntityManagerFactory for persistence unit 'default'
2021-07-23 12:37:02.854  WARN 9392 --- [restartedMain] JpaBaseConfiguration$JpaWebConfiguration : spring.jpa.open-in-view is enabled by default. Therefore, database queries may be performed during view rendering. Explicitly configure spring.jpa.open-in-view to disable this warning
2021-07-23 12:37:04.104  INFO 9392 --- [restartedMain] .s.s.UserDetailsServiceAutoConfiguration : 

Using generated security password: 7414f034-59f5-4252-8394-7e46b616c9ba

2021-07-23 12:37:04.414  INFO 9392 --- [restartedMain] o.s.s.web.DefaultSecurityFilterChain     : Will secure any request with [org.springframework.security.web.context.request.async.WebAsyncManagerIntegrationFilter@1c26b606, org.springframework.security.web.context.SecurityContextPersistenceFilter@2e41d5de, org.springframework.security.web.header.HeaderWriterFilter@51cefd30, org.springframework.security.web.authentication.logout.LogoutFilter@5652cb78, com.iktpreobuka.elektronskidnevnik.config.JWTAuthorizationFilter@5be1af20, org.springframework.security.web.savedrequest.RequestCacheAwareFilter@3960df50, org.springframework.security.web.servletapi.SecurityContextHolderAwareRequestFilter@60d087de, org.springframework.security.web.authentication.AnonymousAuthenticationFilter@41768de, org.springframework.security.web.session.SessionManagementFilter@71c5ccc8, org.springframework.security.web.access.ExceptionTranslationFilter@76806481, org.springframework.security.web.access.intercept.FilterSecurityInterceptor@62de17b4]
2021-07-23 12:37:04.902 DEBUG 9392 --- [restartedMain] s.w.s.m.m.a.RequestMappingHandlerAdapter : ControllerAdvice beans: 0 @ModelAttribute, 0 @InitBinder, 1 RequestBodyAdvice, 1 ResponseBodyAdvice
2021-07-23 12:37:05.091 DEBUG 9392 --- [restartedMain] s.w.s.m.m.a.RequestMappingHandlerMapping : 28 mappings in 'requestMappingHandlerMapping'
2021-07-23 12:37:05.185 DEBUG 9392 --- [restartedMain] o.s.w.s.handler.SimpleUrlHandlerMapping  : Patterns [/webjars/**, /**] in 'resourceHandlerMapping'
2021-07-23 12:37:05.219 DEBUG 9392 --- [restartedMain] .m.m.a.ExceptionHandlerExceptionResolver : ControllerAdvice beans: 1 @ExceptionHandler, 1 ResponseBodyAdvice
2021-07-23 12:37:05.657  INFO 9392 --- [restartedMain] o.s.b.d.a.OptionalLiveReloadServer       : LiveReload server is running on port 35729
2021-07-23 12:37:05.761  INFO 9392 --- [restartedMain] o.s.b.w.embedded.tomcat.TomcatWebServer  : Tomcat started on port(s): 8080 (http) with context path ''
2021-07-23 12:37:05.783  INFO 9392 --- [restartedMain] c.i.e.ElektronskiDnevnikApplication      : Started ElektronskiDnevnikApplication in 13.41 seconds (JVM running for 15.314)
2021-07-23 12:37:21.782  INFO 9392 --- [http-nio-8080-exec-1] o.a.c.c.C.[Tomcat].[localhost].[/]       : Initializing Spring DispatcherServlet 'dispatcherServlet'
2021-07-23 12:37:21.784  INFO 9392 --- [http-nio-8080-exec-1] o.s.web.servlet.DispatcherServlet        : Initializing Servlet 'dispatcherServlet'
2021-07-23 12:37:21.785 DEBUG 9392 --- [http-nio-8080-exec-1] o.s.web.servlet.DispatcherServlet        : Detected StandardServletMultipartResolver
2021-07-23 12:37:21.785 DEBUG 9392 --- [http-nio-8080-exec-1] o.s.web.servlet.DispatcherServlet        : Detected AcceptHeaderLocaleResolver
2021-07-23 12:37:21.785 DEBUG 9392 --- [http-nio-8080-exec-1] o.s.web.servlet.DispatcherServlet        : Detected FixedThemeResolver
2021-07-23 12:37:21.789 DEBUG 9392 --- [http-nio-8080-exec-1] o.s.web.servlet.DispatcherServlet        : Detected org.springframework.web.servlet.view.DefaultRequestToViewNameTranslator@2f0fdb11
2021-07-23 12:37:21.791 DEBUG 9392 --- [http-nio-8080-exec-1] o.s.web.servlet.DispatcherServlet        : Detected org.springframework.web.servlet.support.SessionFlashMapManager@6a3a2003
2021-07-23 12:37:21.791 DEBUG 9392 --- [http-nio-8080-exec-1] o.s.web.servlet.DispatcherServlet        : enableLoggingRequestDetails='false': request parameters and headers will be masked to prevent unsafe logging of potentially sensitive data
2021-07-23 12:37:21.791  INFO 9392 --- [http-nio-8080-exec-1] o.s.web.servlet.DispatcherServlet        : Completed initialization in 7 ms
2021-07-23 12:37:22.184  WARN 9392 --- [http-nio-8080-exec-1] o.a.c.util.SessionIdGeneratorBase        : Creation of SecureRandom instance for session ID generation using [SHA1PRNG] took [147] milliseconds.
2021-07-23 12:37:22.214 DEBUG 9392 --- [http-nio-8080-exec-1] o.s.web.servlet.DispatcherServlet        : POST "/grades/giveGradeToStudent?studentId=11&subjectId=22&teacherId=13&classId=12", parameters={masked}
2021-07-23 12:37:22.222 DEBUG 9392 --- [http-nio-8080-exec-1] s.w.s.m.m.a.RequestMappingHandlerMapping : Mapped to com.iktpreobuka.elektronskidnevnik.controllers.GradeController#grading(Integer, Integer, Integer, Integer, GradeDTO)
2021-07-23 12:37:22.469 DEBUG 9392 --- [http-nio-8080-exec-1] m.m.a.RequestResponseBodyMethodProcessor : Read "application/json;charset=UTF-8" to [com.iktpreobuka.elektronskidnevnik.entities.dto.GradeDTO@1399c0]
2021-07-23 12:37:23.497  INFO 9392 --- [http-nio-8080-exec-1] c.i.e.controllers.GradeController        : student graded
2021-07-23 12:37:25.572 DEBUG 9392 --- [http-nio-8080-exec-1] o.s.w.s.m.m.a.HttpEntityMethodProcessor  : Using 'application/json', given [*/*] and supported [application/json, application/*+json, application/json, application/*+json]
2021-07-23 12:37:25.574 DEBUG 9392 --- [http-nio-8080-exec-1] o.s.w.s.m.m.a.HttpEntityMethodProcessor  : Writing [SimpleMailMessage: from=null; replyTo=null; to=ljisha83@gmail.com; cc=; bcc=; sentDate=null; subject (truncated)...]
2021-07-23 12:37:25.602 DEBUG 9392 --- [http-nio-8080-exec-1] o.s.web.servlet.DispatcherServlet        : Completed 201 CREATED
2021-07-23 12:37:46.789  INFO 9392 --- [Thread-5] j.LocalContainerEntityManagerFactoryBean : Closing JPA EntityManagerFactory for persistence unit 'default'
2021-07-23 12:37:46.801  INFO 9392 --- [Thread-5] com.zaxxer.hikari.HikariDataSource       : HikariPool-1 - Shutdown initiated...
2021-07-23 12:37:46.855  INFO 9392 --- [Thread-5] com.zaxxer.hikari.HikariDataSource       : HikariPool-1 - Shutdown completed.
2021-07-23 12:37:47.187  INFO 9392 --- [restartedMain] c.i.e.ElektronskiDnevnikApplication      : Starting ElektronskiDnevnikApplication using Java 15.0.2 on DESKTOP-1DG5QMU with PID 9392 (C:\Users\HP\Documents\workspace-spring-tool-suite-4-4.10.0.RELEASE\elektronski_dnevnik\target\classes started by HP in C:\Users\HP\Documents\workspace-spring-tool-suite-4-4.10.0.RELEASE\elektronski_dnevnik)
2021-07-23 12:37:47.188  INFO 9392 --- [restartedMain] c.i.e.ElektronskiDnevnikApplication      : No active profile set, falling back to default profiles: default
2021-07-23 12:37:49.303  INFO 9392 --- [restartedMain] .s.d.r.c.RepositoryConfigurationDelegate : Bootstrapping Spring Data JPA repositories in DEFAULT mode.
2021-07-23 12:37:49.469  INFO 9392 --- [restartedMain] .s.d.r.c.RepositoryConfigurationDelegate : Finished Spring Data repository scanning in 164 ms. Found 9 JPA repository interfaces.
2021-07-23 12:37:49.735  INFO 9392 --- [restartedMain] trationDelegate$BeanPostProcessorChecker : Bean 'org.springframework.security.access.expression.method.DefaultMethodSecurityExpressionHandler@562e7059' of type [org.springframework.security.access.expression.method.DefaultMethodSecurityExpressionHandler] is not eligible for getting processed by all BeanPostProcessors (for example: not eligible for auto-proxying)
2021-07-23 12:37:49.739  INFO 9392 --- [restartedMain] trationDelegate$BeanPostProcessorChecker : Bean 'methodSecurityMetadataSource' of type [org.springframework.security.access.method.DelegatingMethodSecurityMetadataSource] is not eligible for getting processed by all BeanPostProcessors (for example: not eligible for auto-proxying)
2021-07-23 12:37:49.931  INFO 9392 --- [restartedMain] o.s.b.w.embedded.tomcat.TomcatWebServer  : Tomcat initialized with port(s): 8080 (http)
2021-07-23 12:37:49.933  INFO 9392 --- [restartedMain] o.apache.catalina.core.StandardService   : Starting service [Tomcat]
2021-07-23 12:37:49.934  INFO 9392 --- [restartedMain] org.apache.catalina.core.StandardEngine  : Starting Servlet engine: [Apache Tomcat/9.0.48]
2021-07-23 12:38:02.370  INFO 4680 --- [restartedMain] c.i.e.ElektronskiDnevnikApplication      : Starting ElektronskiDnevnikApplication using Java 15.0.2 on DESKTOP-1DG5QMU with PID 4680 (C:\Users\HP\Documents\workspace-spring-tool-suite-4-4.10.0.RELEASE\elektronski_dnevnik\target\classes started by HP in C:\Users\HP\Documents\workspace-spring-tool-suite-4-4.10.0.RELEASE\elektronski_dnevnik)
2021-07-23 12:38:02.379  INFO 4680 --- [restartedMain] c.i.e.ElektronskiDnevnikApplication      : No active profile set, falling back to default profiles: default
2021-07-23 12:38:02.435  INFO 3244 --- [restartedMain] c.i.e.ElektronskiDnevnikApplication      : Starting ElektronskiDnevnikApplication using Java 15.0.2 on DESKTOP-1DG5QMU with PID 3244 (C:\Users\HP\Documents\workspace-spring-tool-suite-4-4.10.0.RELEASE\elektronski_dnevnik\target\classes started by HP in C:\Users\HP\Documents\workspace-spring-tool-suite-4-4.10.0.RELEASE\elektronski_dnevnik)
2021-07-23 12:38:02.447  INFO 3244 --- [restartedMain] c.i.e.ElektronskiDnevnikApplication      : No active profile set, falling back to default profiles: default
2021-07-23 12:38:02.679  INFO 3244 --- [restartedMain] .e.DevToolsPropertyDefaultsPostProcessor : Devtools property defaults active! Set 'spring.devtools.add-properties' to 'false' to disable
2021-07-23 12:38:02.687  INFO 3244 --- [restartedMain] .e.DevToolsPropertyDefaultsPostProcessor : For additional web related logging consider setting the 'logging.level.web' property to 'DEBUG'
2021-07-23 12:38:02.695  INFO 4680 --- [restartedMain] .e.DevToolsPropertyDefaultsPostProcessor : Devtools property defaults active! Set 'spring.devtools.add-properties' to 'false' to disable
2021-07-23 12:38:05.479  INFO 3244 --- [restartedMain] .s.d.r.c.RepositoryConfigurationDelegate : Bootstrapping Spring Data JPA repositories in DEFAULT mode.
2021-07-23 12:38:02.695  INFO 4680 --- [restartedMain] .e.DevToolsPropertyDefaultsPostProcessor : For additional web related logging consider setting the 'logging.level.web' property to 'DEBUG'
2021-07-23 12:38:07.515  INFO 3244 --- [restartedMain] .s.d.r.c.RepositoryConfigurationDelegate : Finished Spring Data repository scanning in 375 ms. Found 9 JPA repository interfaces.
2021-07-23 12:38:08.787  INFO 3244 --- [restartedMain] trationDelegate$BeanPostProcessorChecker : Bean 'org.springframework.security.access.expression.method.DefaultMethodSecurityExpressionHandler@784c107f' of type [org.springframework.security.access.expression.method.DefaultMethodSecurityExpressionHandler] is not eligible for getting processed by all BeanPostProcessors (for example: not eligible for auto-proxying)
2021-07-23 12:38:08.801  INFO 3244 --- [restartedMain] trationDelegate$BeanPostProcessorChecker : Bean 'methodSecurityMetadataSource' of type [org.springframework.security.access.method.DelegatingMethodSecurityMetadataSource] is not eligible for getting processed by all BeanPostProcessors (for example: not eligible for auto-proxying)
2021-07-23 12:38:09.484  INFO 4680 --- [restartedMain] .s.d.r.c.RepositoryConfigurationDelegate : Bootstrapping Spring Data JPA repositories in DEFAULT mode.
2021-07-23 12:38:09.564  INFO 3244 --- [restartedMain] o.s.b.w.embedded.tomcat.TomcatWebServer  : Tomcat initialized with port(s): 8080 (http)
2021-07-23 12:38:09.593  INFO 3244 --- [restartedMain] o.apache.catalina.core.StandardService   : Starting service [Tomcat]
2021-07-23 12:38:09.595  INFO 3244 --- [restartedMain] org.apache.catalina.core.StandardEngine  : Starting Servlet engine: [Apache Tomcat/9.0.48]
2021-07-23 12:38:09.891  INFO 4680 --- [restartedMain] .s.d.r.c.RepositoryConfigurationDelegate : Finished Spring Data repository scanning in 376 ms. Found 9 JPA repository interfaces.
2021-07-23 12:38:09.962  INFO 3244 --- [restartedMain] o.a.c.c.C.[Tomcat].[localhost].[/]       : Initializing Spring embedded WebApplicationContext
2021-07-23 12:38:09.963  INFO 3244 --- [restartedMain] w.s.c.ServletWebServerApplicationContext : Root WebApplicationContext: initialization completed in 7266 ms
2021-07-23 12:38:11.128  INFO 4680 --- [restartedMain] trationDelegate$BeanPostProcessorChecker : Bean 'org.springframework.security.access.expression.method.DefaultMethodSecurityExpressionHandler@557d74f1' of type [org.springframework.security.access.expression.method.DefaultMethodSecurityExpressionHandler] is not eligible for getting processed by all BeanPostProcessors (for example: not eligible for auto-proxying)
2021-07-23 12:38:11.141  INFO 4680 --- [restartedMain] trationDelegate$BeanPostProcessorChecker : Bean 'methodSecurityMetadataSource' of type [org.springframework.security.access.method.DelegatingMethodSecurityMetadataSource] is not eligible for getting processed by all BeanPostProcessors (for example: not eligible for auto-proxying)
2021-07-23 12:38:11.586  INFO 3244 --- [restartedMain] com.zaxxer.hikari.HikariDataSource       : HikariPool-1 - Starting...
2021-07-23 12:38:12.118  INFO 4680 --- [restartedMain] o.s.b.w.embedded.tomcat.TomcatWebServer  : Tomcat initialized with port(s): 8080 (http)
2021-07-23 12:38:12.140  INFO 4680 --- [restartedMain] o.apache.catalina.core.StandardService   : Starting service [Tomcat]
2021-07-23 12:38:12.141  INFO 4680 --- [restartedMain] org.apache.catalina.core.StandardEngine  : Starting Servlet engine: [Apache Tomcat/9.0.48]
2021-07-23 12:38:12.599  INFO 4680 --- [restartedMain] o.a.c.c.C.[Tomcat].[localhost].[/]       : Initializing Spring embedded WebApplicationContext
2021-07-23 12:38:12.600  INFO 4680 --- [restartedMain] w.s.c.ServletWebServerApplicationContext : Root WebApplicationContext: initialization completed in 5504 ms
2021-07-23 12:38:12.778  INFO 3244 --- [restartedMain] com.zaxxer.hikari.HikariDataSource       : HikariPool-1 - Start completed.
2021-07-23 12:38:14.125  INFO 4680 --- [restartedMain] com.zaxxer.hikari.HikariDataSource       : HikariPool-1 - Starting...
2021-07-23 12:38:15.131  INFO 4680 --- [restartedMain] com.zaxxer.hikari.HikariDataSource       : HikariPool-1 - Start completed.
2021-07-23 12:38:15.734  INFO 3244 --- [restartedMain] j.LocalContainerEntityManagerFactoryBean : Initialized JPA EntityManagerFactory for persistence unit 'default'
2021-07-23 12:38:16.260  WARN 3244 --- [restartedMain] JpaBaseConfiguration$JpaWebConfiguration : spring.jpa.open-in-view is enabled by default. Therefore, database queries may be performed during view rendering. Explicitly configure spring.jpa.open-in-view to disable this warning
2021-07-23 12:38:18.124  INFO 3244 --- [restartedMain] .s.s.UserDetailsServiceAutoConfiguration : 

Using generated security password: e1755b66-5c08-413a-a8df-f0ce8b9d9afb

2021-07-23 12:38:18.408  INFO 3244 --- [restartedMain] o.s.s.web.DefaultSecurityFilterChain     : Will secure any request with [org.springframework.security.web.context.request.async.WebAsyncManagerIntegrationFilter@2744dffc, org.springframework.security.web.context.SecurityContextPersistenceFilter@1cda738b, org.springframework.security.web.header.HeaderWriterFilter@3e1f7eb2, org.springframework.security.web.authentication.logout.LogoutFilter@44eb4124, com.iktpreobuka.elektronskidnevnik.config.JWTAuthorizationFilter@1166e20a, org.springframework.security.web.savedrequest.RequestCacheAwareFilter@4d42402f, org.springframework.security.web.servletapi.SecurityContextHolderAwareRequestFilter@3f6e632f, org.springframework.security.web.authentication.AnonymousAuthenticationFilter@5da4ebea, org.springframework.security.web.session.SessionManagementFilter@4415854e, org.springframework.security.web.access.ExceptionTranslationFilter@b62cacf, org.springframework.security.web.access.intercept.FilterSecurityInterceptor@2c772a93]
2021-07-23 12:38:18.629  INFO 4680 --- [restartedMain] j.LocalContainerEntityManagerFactoryBean : Initialized JPA EntityManagerFactory for persistence unit 'default'
2021-07-23 12:38:18.844  WARN 4680 --- [restartedMain] JpaBaseConfiguration$JpaWebConfiguration : spring.jpa.open-in-view is enabled by default. Therefore, database queries may be performed during view rendering. Explicitly configure spring.jpa.open-in-view to disable this warning
2021-07-23 12:38:18.971 DEBUG 3244 --- [restartedMain] s.w.s.m.m.a.RequestMappingHandlerAdapter : ControllerAdvice beans: 0 @ModelAttribute, 0 @InitBinder, 1 RequestBodyAdvice, 1 ResponseBodyAdvice
2021-07-23 12:38:19.269 DEBUG 3244 --- [restartedMain] s.w.s.m.m.a.RequestMappingHandlerMapping : 28 mappings in 'requestMappingHandlerMapping'
2021-07-23 12:38:19.412 DEBUG 3244 --- [restartedMain] o.s.w.s.handler.SimpleUrlHandlerMapping  : Patterns [/webjars/**, /**] in 'resourceHandlerMapping'
2021-07-23 12:38:19.451 DEBUG 3244 --- [restartedMain] .m.m.a.ExceptionHandlerExceptionResolver : ControllerAdvice beans: 1 @ExceptionHandler, 1 ResponseBodyAdvice
2021-07-23 12:38:20.023  INFO 3244 --- [restartedMain] o.s.b.d.a.OptionalLiveReloadServer       : LiveReload server is running on port 35729
2021-07-23 12:38:20.154  INFO 3244 --- [restartedMain] o.s.b.w.embedded.tomcat.TomcatWebServer  : Tomcat started on port(s): 8080 (http) with context path ''
2021-07-23 12:38:20.187  INFO 3244 --- [restartedMain] c.i.e.ElektronskiDnevnikApplication      : Started ElektronskiDnevnikApplication in 20.226 seconds (JVM running for 24.832)
2021-07-23 12:38:20.676  INFO 4680 --- [restartedMain] .s.s.UserDetailsServiceAutoConfiguration : 

Using generated security password: d55850be-a2bd-496a-8477-f627c9b4c8ad

2021-07-23 12:38:20.898  INFO 4680 --- [restartedMain] o.s.s.web.DefaultSecurityFilterChain     : Will secure any request with [org.springframework.security.web.context.request.async.WebAsyncManagerIntegrationFilter@45cfdaaa, org.springframework.security.web.context.SecurityContextPersistenceFilter@279d80dd, org.springframework.security.web.header.HeaderWriterFilter@264a20ef, org.springframework.security.web.authentication.logout.LogoutFilter@3a9a8c75, com.iktpreobuka.elektronskidnevnik.config.JWTAuthorizationFilter@1dacef5d, org.springframework.security.web.savedrequest.RequestCacheAwareFilter@2a317d08, org.springframework.security.web.servletapi.SecurityContextHolderAwareRequestFilter@17f790aa, org.springframework.security.web.authentication.AnonymousAuthenticationFilter@4cfa9a59, org.springframework.security.web.session.SessionManagementFilter@fe0e1c2, org.springframework.security.web.access.ExceptionTranslationFilter@6b2a275, org.springframework.security.web.access.intercept.FilterSecurityInterceptor@180114af]
2021-07-23 12:38:21.331 DEBUG 4680 --- [restartedMain] s.w.s.m.m.a.RequestMappingHandlerAdapter : ControllerAdvice beans: 0 @ModelAttribute, 0 @InitBinder, 1 RequestBodyAdvice, 1 ResponseBodyAdvice
2021-07-23 12:38:21.539 DEBUG 4680 --- [restartedMain] s.w.s.m.m.a.RequestMappingHandlerMapping : 28 mappings in 'requestMappingHandlerMapping'
2021-07-23 12:38:21.632 DEBUG 4680 --- [restartedMain] o.s.w.s.handler.SimpleUrlHandlerMapping  : Patterns [/webjars/**, /**] in 'resourceHandlerMapping'
2021-07-23 12:38:21.662 DEBUG 4680 --- [restartedMain] .m.m.a.ExceptionHandlerExceptionResolver : ControllerAdvice beans: 1 @ExceptionHandler, 1 ResponseBodyAdvice
2021-07-23 12:38:22.065  WARN 4680 --- [restartedMain] o.s.b.d.a.OptionalLiveReloadServer       : Unable to start LiveReload server
2021-07-23 12:38:22.114  WARN 4680 --- [restartedMain] ConfigServletWebServerApplicationContext : Exception encountered during context initialization - cancelling refresh attempt: org.springframework.context.ApplicationContextException: Failed to start bean 'webServerStartStop'; nested exception is org.springframework.boot.web.server.PortInUseException: Port 8080 is already in use
2021-07-23 12:38:22.136  INFO 4680 --- [restartedMain] j.LocalContainerEntityManagerFactoryBean : Closing JPA EntityManagerFactory for persistence unit 'default'
2021-07-23 12:38:22.142  INFO 4680 --- [restartedMain] com.zaxxer.hikari.HikariDataSource       : HikariPool-1 - Shutdown initiated...
2021-07-23 12:38:22.157  INFO 4680 --- [restartedMain] com.zaxxer.hikari.HikariDataSource       : HikariPool-1 - Shutdown completed.
2021-07-23 12:38:22.162  INFO 4680 --- [restartedMain] o.apache.catalina.core.StandardService   : Stopping service [Tomcat]
2021-07-23 12:38:22.197  INFO 4680 --- [restartedMain] ConditionEvaluationReportLoggingListener : 

Error starting ApplicationContext. To display the conditions report re-run your application with 'debug' enabled.
2021-07-23 12:38:22.267 ERROR 4680 --- [restartedMain] o.s.b.d.LoggingFailureAnalysisReporter   : 

***************************
APPLICATION FAILED TO START
***************************

Description:

Web server failed to start. Port 8080 was already in use.

Action:

Identify and stop the process that's listening on port 8080 or configure this application to listen on another port.

2021-07-23 12:38:26.319  INFO 3244 --- [RMI TCP Connection(2)-127.0.0.1] inMXBeanRegistrar$SpringApplicationAdmin : Application shutdown requested.
2021-07-23 12:38:26.367  INFO 3244 --- [RMI TCP Connection(2)-127.0.0.1] j.LocalContainerEntityManagerFactoryBean : Closing JPA EntityManagerFactory for persistence unit 'default'
2021-07-23 12:38:26.374  INFO 3244 --- [RMI TCP Connection(2)-127.0.0.1] com.zaxxer.hikari.HikariDataSource       : HikariPool-1 - Shutdown initiated...
2021-07-23 12:38:26.387  INFO 3244 --- [RMI TCP Connection(2)-127.0.0.1] com.zaxxer.hikari.HikariDataSource       : HikariPool-1 - Shutdown completed.
2021-07-23 12:38:32.861  INFO 7148 --- [restartedMain] c.i.e.ElektronskiDnevnikApplication      : Starting ElektronskiDnevnikApplication using Java 15.0.2 on DESKTOP-1DG5QMU with PID 7148 (C:\Users\HP\Documents\workspace-spring-tool-suite-4-4.10.0.RELEASE\elektronski_dnevnik\target\classes started by HP in C:\Users\HP\Documents\workspace-spring-tool-suite-4-4.10.0.RELEASE\elektronski_dnevnik)
2021-07-23 12:38:32.868  INFO 7148 --- [restartedMain] c.i.e.ElektronskiDnevnikApplication      : No active profile set, falling back to default profiles: default
2021-07-23 12:38:33.014  INFO 7148 --- [restartedMain] .e.DevToolsPropertyDefaultsPostProcessor : Devtools property defaults active! Set 'spring.devtools.add-properties' to 'false' to disable
2021-07-23 12:38:33.015  INFO 7148 --- [restartedMain] .e.DevToolsPropertyDefaultsPostProcessor : For additional web related logging consider setting the 'logging.level.web' property to 'DEBUG'
2021-07-23 12:38:34.805  INFO 7148 --- [restartedMain] .s.d.r.c.RepositoryConfigurationDelegate : Bootstrapping Spring Data JPA repositories in DEFAULT mode.
2021-07-23 12:38:35.026  INFO 7148 --- [restartedMain] .s.d.r.c.RepositoryConfigurationDelegate : Finished Spring Data repository scanning in 198 ms. Found 9 JPA repository interfaces.
2021-07-23 12:38:35.722  INFO 7148 --- [restartedMain] trationDelegate$BeanPostProcessorChecker : Bean 'org.springframework.security.access.expression.method.DefaultMethodSecurityExpressionHandler@109c47be' of type [org.springframework.security.access.expression.method.DefaultMethodSecurityExpressionHandler] is not eligible for getting processed by all BeanPostProcessors (for example: not eligible for auto-proxying)
2021-07-23 12:38:35.733  INFO 7148 --- [restartedMain] trationDelegate$BeanPostProcessorChecker : Bean 'methodSecurityMetadataSource' of type [org.springframework.security.access.method.DelegatingMethodSecurityMetadataSource] is not eligible for getting processed by all BeanPostProcessors (for example: not eligible for auto-proxying)
2021-07-23 12:38:36.308  INFO 7148 --- [restartedMain] o.s.b.w.embedded.tomcat.TomcatWebServer  : Tomcat initialized with port(s): 8080 (http)
2021-07-23 12:38:36.325  INFO 7148 --- [restartedMain] o.apache.catalina.core.StandardService   : Starting service [Tomcat]
2021-07-23 12:38:36.326  INFO 7148 --- [restartedMain] org.apache.catalina.core.StandardEngine  : Starting Servlet engine: [Apache Tomcat/9.0.48]
2021-07-23 12:38:36.539  INFO 7148 --- [restartedMain] o.a.c.c.C.[Tomcat].[localhost].[/]       : Initializing Spring embedded WebApplicationContext
2021-07-23 12:38:36.541  INFO 7148 --- [restartedMain] w.s.c.ServletWebServerApplicationContext : Root WebApplicationContext: initialization completed in 3524 ms
2021-07-23 12:38:37.426  INFO 7148 --- [restartedMain] com.zaxxer.hikari.HikariDataSource       : HikariPool-1 - Starting...
2021-07-23 12:38:38.094  INFO 7148 --- [restartedMain] com.zaxxer.hikari.HikariDataSource       : HikariPool-1 - Start completed.
2021-07-23 12:38:40.103  INFO 7148 --- [restartedMain] j.LocalContainerEntityManagerFactoryBean : Initialized JPA EntityManagerFactory for persistence unit 'default'
2021-07-23 12:38:40.233  WARN 7148 --- [restartedMain] JpaBaseConfiguration$JpaWebConfiguration : spring.jpa.open-in-view is enabled by default. Therefore, database queries may be performed during view rendering. Explicitly configure spring.jpa.open-in-view to disable this warning
2021-07-23 12:38:41.629  INFO 7148 --- [restartedMain] .s.s.UserDetailsServiceAutoConfiguration : 

Using generated security password: 3ef7fdd2-2ceb-4189-b4b3-f94a4c73e378

2021-07-23 12:38:41.799  INFO 7148 --- [restartedMain] o.s.s.web.DefaultSecurityFilterChain     : Will secure any request with [org.springframework.security.web.context.request.async.WebAsyncManagerIntegrationFilter@6911012b, org.springframework.security.web.context.SecurityContextPersistenceFilter@41568d1e, org.springframework.security.web.header.HeaderWriterFilter@505e2d35, org.springframework.security.web.authentication.logout.LogoutFilter@652538cf, com.iktpreobuka.elektronskidnevnik.config.JWTAuthorizationFilter@69b43748, org.springframework.security.web.savedrequest.RequestCacheAwareFilter@635d33ce, org.springframework.security.web.servletapi.SecurityContextHolderAwareRequestFilter@4ec0e01a, org.springframework.security.web.authentication.AnonymousAuthenticationFilter@302e4417, org.springframework.security.web.session.SessionManagementFilter@721468ea, org.springframework.security.web.access.ExceptionTranslationFilter@6b7f6dcb, org.springframework.security.web.access.intercept.FilterSecurityInterceptor@46128557]
2021-07-23 12:38:42.058 DEBUG 7148 --- [restartedMain] s.w.s.m.m.a.RequestMappingHandlerAdapter : ControllerAdvice beans: 0 @ModelAttribute, 0 @InitBinder, 1 RequestBodyAdvice, 1 ResponseBodyAdvice
2021-07-23 12:38:42.244 DEBUG 7148 --- [restartedMain] s.w.s.m.m.a.RequestMappingHandlerMapping : 28 mappings in 'requestMappingHandlerMapping'
2021-07-23 12:38:42.325 DEBUG 7148 --- [restartedMain] o.s.w.s.handler.SimpleUrlHandlerMapping  : Patterns [/webjars/**, /**] in 'resourceHandlerMapping'
2021-07-23 12:38:42.357 DEBUG 7148 --- [restartedMain] .m.m.a.ExceptionHandlerExceptionResolver : ControllerAdvice beans: 1 @ExceptionHandler, 1 ResponseBodyAdvice
2021-07-23 12:38:42.710  INFO 7148 --- [restartedMain] o.s.b.d.a.OptionalLiveReloadServer       : LiveReload server is running on port 35729
2021-07-23 12:38:42.797  INFO 7148 --- [restartedMain] o.s.b.w.embedded.tomcat.TomcatWebServer  : Tomcat started on port(s): 8080 (http) with context path ''
2021-07-23 12:38:42.853  INFO 7148 --- [restartedMain] c.i.e.ElektronskiDnevnikApplication      : Started ElektronskiDnevnikApplication in 10.832 seconds (JVM running for 12.977)
2021-07-23 12:39:11.908  INFO 7148 --- [http-nio-8080-exec-2] o.a.c.c.C.[Tomcat].[localhost].[/]       : Initializing Spring DispatcherServlet 'dispatcherServlet'
2021-07-23 12:39:11.908  INFO 7148 --- [http-nio-8080-exec-2] o.s.web.servlet.DispatcherServlet        : Initializing Servlet 'dispatcherServlet'
2021-07-23 12:39:11.909 DEBUG 7148 --- [http-nio-8080-exec-2] o.s.web.servlet.DispatcherServlet        : Detected StandardServletMultipartResolver
2021-07-23 12:39:11.912 DEBUG 7148 --- [http-nio-8080-exec-2] o.s.web.servlet.DispatcherServlet        : Detected AcceptHeaderLocaleResolver
2021-07-23 12:39:11.913 DEBUG 7148 --- [http-nio-8080-exec-2] o.s.web.servlet.DispatcherServlet        : Detected FixedThemeResolver
2021-07-23 12:39:11.916 DEBUG 7148 --- [http-nio-8080-exec-2] o.s.web.servlet.DispatcherServlet        : Detected org.springframework.web.servlet.view.DefaultRequestToViewNameTranslator@7d453880
2021-07-23 12:39:11.918 DEBUG 7148 --- [http-nio-8080-exec-2] o.s.web.servlet.DispatcherServlet        : Detected org.springframework.web.servlet.support.SessionFlashMapManager@3f5a2564
2021-07-23 12:39:11.919 DEBUG 7148 --- [http-nio-8080-exec-2] o.s.web.servlet.DispatcherServlet        : enableLoggingRequestDetails='false': request parameters and headers will be masked to prevent unsafe logging of potentially sensitive data
2021-07-23 12:39:11.920  INFO 7148 --- [http-nio-8080-exec-2] o.s.web.servlet.DispatcherServlet        : Completed initialization in 11 ms
2021-07-23 12:39:12.148 DEBUG 7148 --- [http-nio-8080-exec-2] o.s.web.servlet.DispatcherServlet        : POST "/grades/giveGradeToStudent?studentId=11&subjectId=22&teacherId=13&classId=12", parameters={masked}
2021-07-23 12:39:12.170 DEBUG 7148 --- [http-nio-8080-exec-2] s.w.s.m.m.a.RequestMappingHandlerMapping : Mapped to com.iktpreobuka.elektronskidnevnik.controllers.GradeController#grading(Integer, Integer, Integer, Integer, GradeDTO)
2021-07-23 12:39:12.527 DEBUG 7148 --- [http-nio-8080-exec-2] m.m.a.RequestResponseBodyMethodProcessor : Read "application/json;charset=UTF-8" to [com.iktpreobuka.elektronskidnevnik.entities.dto.GradeDTO@6f93a50b]
2021-07-23 12:39:13.380  INFO 7148 --- [http-nio-8080-exec-2] c.i.e.controllers.GradeController        : student graded
2021-07-23 12:39:15.615 DEBUG 7148 --- [http-nio-8080-exec-2] o.s.w.s.m.m.a.HttpEntityMethodProcessor  : Using 'application/json', given [*/*] and supported [application/json, application/*+json, application/json, application/*+json]
2021-07-23 12:39:15.617 DEBUG 7148 --- [http-nio-8080-exec-2] o.s.w.s.m.m.a.HttpEntityMethodProcessor  : Writing [SimpleMailMessage: from=null; replyTo=null; to=ljisha83@gmail.com; cc=; bcc=; sentDate=null; subject (truncated)...]
